Build started 3/2/2017 2:21:56 PM.
     1>Project "P:\CS473\Project 1\OS_Thread_Scheduler\Project1\Project1.vcxproj" on node 2 (Build target(s)).
     1>ClCompile:
         C:\Program Files (x86)\Microsoft Visual Studio 12.0\VC\bin\CL.exe /c /ZI /nologo /W3 /WX- /Od /Oy- /D WIN32 /D _DEBUG /D _CONSOLE /D _LIB /D _UNICODE /D UNICODE /Gm /EHsc /RTC1 /MDd /GS /fp:precise /Zc:wchar_t /Zc:forScope /Fo"Debug\\" /Fd"Debug\vc120.pdb" /Gd /TP /analyze- /errorReport:prompt myscheduler.cpp
         myscheduler.cpp
     1>p:\cs473\project 1\os_thread_scheduler\project1\myscheduler.cpp(39): warning C4390: ';' : empty controlled statement found; is this the intent?
     1>p:\cs473\project 1\os_thread_scheduler\project1\myscheduler.cpp(59): warning C4018: '<' : signed/unsigned mismatch
     1>p:\cs473\project 1\os_thread_scheduler\project1\myscheduler.cpp(104): warning C4018: '<' : signed/unsigned mismatch
     1>p:\cs473\project 1\os_thread_scheduler\project1\myscheduler.cpp(127): warning C4018: '<' : signed/unsigned mismatch
     1>p:\cs473\project 1\os_thread_scheduler\project1\myscheduler.cpp(142): warning C4018: '<' : signed/unsigned mismatch
     1>p:\cs473\project 1\os_thread_scheduler\project1\myscheduler.cpp(162): warning C4018: '<' : signed/unsigned mismatch
     1>p:\cs473\project 1\os_thread_scheduler\project1\myscheduler.cpp(167): warning C4018: '<' : signed/unsigned mismatch
     1>p:\cs473\project 1\os_thread_scheduler\project1\myscheduler.cpp(187): warning C4018: '<' : signed/unsigned mismatch
     1>p:\cs473\project 1\os_thread_scheduler\project1\myscheduler.cpp(211): warning C4018: '<' : signed/unsigned mismatch
     1>p:\cs473\project 1\os_thread_scheduler\project1\myscheduler.cpp(217): warning C4018: '<' : signed/unsigned mismatch
     1>p:\cs473\project 1\os_thread_scheduler\project1\myscheduler.cpp(238): warning C4018: '<' : signed/unsigned mismatch
     1>p:\cs473\project 1\os_thread_scheduler\project1\myscheduler.cpp(276): warning C4018: '<' : signed/unsigned mismatch
     1>p:\cs473\project 1\os_thread_scheduler\project1\myscheduler.cpp(278): warning C4018: '>' : signed/unsigned mismatch
     1>p:\cs473\project 1\os_thread_scheduler\project1\myscheduler.cpp(291): warning C4018: '>=' : signed/unsigned mismatch
     1>p:\cs473\project 1\os_thread_scheduler\project1\myscheduler.cpp(294): warning C4018: '<' : signed/unsigned mismatch
     1>p:\cs473\project 1\os_thread_scheduler\project1\myscheduler.cpp(296): warning C4018: '<' : signed/unsigned mismatch
     1>p:\cs473\project 1\os_thread_scheduler\project1\myscheduler.cpp(309): warning C4715: 'MyScheduler::assignCPUs' : not all control paths return a value
       Link:
         C:\Program Files (x86)\Microsoft Visual Studio 12.0\VC\bin\link.exe /ERRORREPORT:PROMPT /OUT:"P:\CS473\Project 1\OS_Thread_Scheduler\Debug\Project1.exe" /INCREMENTAL /NOLOGO kernel32.lib user32.lib gdi32.lib winspool.lib comdlg32.lib advapi32.lib shell32.lib ole32.lib oleaut32.lib uuid.lib odbc32.lib odbccp32.lib /MANIFEST /MANIFESTUAC:"level='asInvoker' uiAccess='false'" /manifest:embed /DEBUG /PDB:"P:\CS473\Project 1\OS_Thread_Scheduler\Debug\Project1.pdb" /SUBSYSTEM:CONSOLE /TLBID:1 /DYNAMICBASE /NXCOMPAT /IMPLIB:"P:\CS473\Project 1\OS_Thread_Scheduler\Debug\Project1.lib" /MACHINE:X86 Debug\myscheduler.obj
         Debug\Project1.obj
         Debug\stdafx.obj
     1>Project1.obj : error LNK2005: "class std::vector<struct ThreadDescriptorBlock *,class std::allocator<struct ThreadDescriptorBlock *> > stack" (?stack@@3V?$vector@PAUThreadDescriptorBlock@@V?$allocator@PAUThreadDescriptorBlock@@@std@@@std@@A) already defined in myscheduler.obj
     1>Project1.obj : error LNK2005: "class std::vector<struct ThreadDescriptorBlock *,class std::allocator<struct ThreadDescriptorBlock *> > queue" (?queue@@3V?$vector@PAUThreadDescriptorBlock@@V?$allocator@PAUThreadDescriptorBlock@@@std@@@std@@A) already defined in myscheduler.obj
     1>P:\CS473\Project 1\OS_Thread_Scheduler\Debug\Project1.exe : fatal error LNK1169: one or more multiply defined symbols found
     1>Done Building Project "P:\CS473\Project 1\OS_Thread_Scheduler\Project1\Project1.vcxproj" (Build target(s)) -- FAILED.

Build FAILED.

Time Elapsed 00:00:03.36
